48 05:05:26.288136 --- Starting bitbake server pid 48 at 2026-01-12 05:05:26.288118 ---
48 05:05:26.290593 Started bitbake server pid 48
48 05:05:26.291234 Entering server connection loop
48 05:05:26.291428 Lockfile is: /home/user/poky/build/bitbake.lock
Socket is /home/user/poky/build/bitbake.sock (True)
48 05:05:26.291903 Accepting [<socket.socket fd=6, family=1, type=1, proto=0, laddr=bitbake.sock>] ([])
48 05:05:26.291926 Processing Client
48 05:05:26.291947 Connecting Client
48 05:05:26.292121 Running command ['setFeatures', [2, 1]]
48 05:05:26.292143 Sending reply (None, None)
48 05:05:26.292331 Command Completed (socket: True)
48 05:05:26.292471 Running command ['updateConfig', {'halt': True, 'force': False, 'invalidate_stamp': None, 'dry_run': False, 'dump_signatures': [], 'extra_assume_provided': [], 'profile': False, 'prefile': [], 'postfile': [], 'server_timeout': None, 'nosetscene': False, 'setsceneonly': False, 'skipsetscene': False, 'runall': [], 'runonly': None, 'writeeventlog': None, 'build_verbose_shell': False, 'build_verbose_stdout': False, 'default_loglevel': 20, 'debug_domains': {}}, {'BB_ENV_PASSTHROUGH_ADDITIONS': 'ALL_PROXY BBPATH_EXTRA BB_LOGCONFIG BB_NO_NETWORK BB_NUMBER_THREADS BB_SETSCENE_ENFORCE BB_SRCREV_POLICY DISTRO FTPS_PROXY FTP_PROXY GIT_PROXY_COMMAND HTTPS_PROXY HTTP_PROXY MACHINE NO_PROXY PARALLEL_MAKE SCREENDIR SDKMACHINE SOCKS5_PASSWD SOCKS5_USER SSH_AGENT_PID SSH_AUTH_SOCK STAMPS_DIR TCLIBC TCMODE all_proxy ftp_proxy ftps_proxy http_proxy https_proxy no_proxy ', 'PWD': '/home/user/poky/build', 'HOME': '/home/user', 'BBPATH': '/home/user/poky/build', 'PATH': '/home/user/poky/scripts:/home/user/poky/bitbake/bin:/usr/local/sbin:/usr/local/bin:/usr/sbin:/usr/bin:/sbin:/bin', 'LC_ALL': 'en_US.UTF-8', 'OE_ADDED_PATHS': '/home/user/poky/scripts:/home/user/poky/bitbake/bin:', 'HOSTNAME': 'fd7f830e2fc4', 'LS_COLORS': 'rs=0:di=01;34:ln=01;36:mh=00:pi=40;33:so=01;35:do=01;35:bd=40;33;01:cd=40;33;01:or=40;31;01:mi=00:su=37;41:sg=30;43:ca=00:tw=30;42:ow=34;42:st=37;44:ex=01;32:*.tar=01;31:*.tgz=01;31:*.arc=01;31:*.arj=01;31:*.taz=01;31:*.lha=01;31:*.lz4=01;31:*.lzh=01;31:*.lzma=01;31:*.tlz=01;31:*.txz=01;31:*.tzo=01;31:*.t7z=01;31:*.zip=01;31:*.z=01;31:*.dz=01;31:*.gz=01;31:*.lrz=01;31:*.lz=01;31:*.lzo=01;31:*.xz=01;31:*.zst=01;31:*.tzst=01;31:*.bz2=01;31:*.bz=01;31:*.tbz=01;31:*.tbz2=01;31:*.tz=01;31:*.deb=01;31:*.rpm=01;31:*.jar=01;31:*.war=01;31:*.ear=01;31:*.sar=01;31:*.rar=01;31:*.alz=01;31:*.ace=01;31:*.zoo=01;31:*.cpio=01;31:*.7z=01;31:*.rz=01;31:*.cab=01;31:*.wim=01;31:*.swm=01;31:*.dwm=01;31:*.esd=01;31:*.avif=01;35:*.jpg=01;35:*.jpeg=01;35:*.mjpg=01;35:*.mjpeg=01;35:*.gif=01;35:*.bmp=01;35:*.pbm=01;35:*.pgm=01;35:*.ppm=01;35:*.tga=01;35:*.xbm=01;35:*.xpm=01;35:*.tif=01;35:*.tiff=01;35:*.png=01;35:*.svg=01;35:*.svgz=01;35:*.mng=01;35:*.pcx=01;35:*.mov=01;35:*.mpg=01;35:*.mpeg=01;35:*.m2v=01;35:*.mkv=01;35:*.webm=01;35:*.webp=01;35:*.ogm=01;35:*.mp4=01;35:*.m4v=01;35:*.mp4v=01;35:*.vob=01;35:*.qt=01;35:*.nuv=01;35:*.wmv=01;35:*.asf=01;35:*.rm=01;35:*.rmvb=01;35:*.flc=01;35:*.avi=01;35:*.fli=01;35:*.flv=01;35:*.gl=01;35:*.dl=01;35:*.xcf=01;35:*.xwd=01;35:*.yuv=01;35:*.cgm=01;35:*.emf=01;35:*.ogv=01;35:*.ogx=01;35:*.aac=00;36:*.au=00;36:*.flac=00;36:*.m4a=00;36:*.mid=00;36:*.midi=00;36:*.mka=00;36:*.mp3=00;36:*.mpc=00;36:*.ogg=00;36:*.ra=00;36:*.wav=00;36:*.oga=00;36:*.opus=00;36:*.spx=00;36:*.xspf=00;36:*~=00;90:*#=00;90:*.bak=00;90:*.crdownload=00;90:*.dpkg-dist=00;90:*.dpkg-new=00;90:*.dpkg-old=00;90:*.dpkg-tmp=00;90:*.old=00;90:*.orig=00;90:*.part=00;90:*.rej=00;90:*.rpmnew=00;90:*.rpmorig=00;90:*.rpmsave=00;90:*.swp=00;90:*.tmp=00;90:*.ucf-dist=00;90:*.ucf-new=00;90:*.ucf-old=00;90:', 'LESSCLOSE': '/usr/bin/lesspipe %s %s', 'PYTHONPATH': '/home/user/poky/bitbake/lib:', 'TERM': 'xterm', 'LESSOPEN': '| /usr/bin/lesspipe %s', 'SHLVL': '1', 'BUILDDIR': '/home/user/poky/build', 'OLDPWD': '/home/user/poky', '_': '/home/user/poky/bitbake/bin/bitbake', 'LC_CTYPE': 'C.UTF-8'}, ['/home/user/poky/bitbake/bin/bitbake', 'gcc']]
48 05:05:26.301735 Sending reply (None, 'bb.BBHandledException()\nTraceback (most recent call last):\n  File "/home/user/poky/bitbake/lib/bb/command.py", line 90, in runCommand\n    result = command_method(self, commandline)\n             ^^^^^^^^^^^^^^^^^^^^^^^^^^^^^^^^^\n  File "/home/user/poky/bitbake/lib/bb/command.py", line 290, in updateConfig\n    command.cooker.updateConfigOpts(options, environment, cmdline)\n  File "/home/user/poky/bitbake/lib/bb/cooker.py", line 463, in updateConfigOpts\n    self.reset()\n  File "/home/user/poky/bitbake/lib/bb/cooker.py", line 1736, in reset\n    self.initConfigurationData()\n  File "/home/user/poky/bitbake/lib/bb/cooker.py", line 283, in initConfigurationData\n    self.databuilder.parseBaseConfiguration()\n  File "/home/user/poky/bitbake/lib/bb/cookerdata.py", line 261, in parseBaseConfiguration\n    self.data = self.parseConfigurationFiles(self.prefiles, self.postfiles)\n                ^^^^^^^^^^^^^^^^^^^^^^^^^^^^^^^^^^^^^^^^^^^^^^^^^^^^^^^^^^^\n  File "/home/user/poky/bitbake/lib/bb/cookerdata.py", line 383, in parseConfigurationFiles\n    raise bb.BBHandledException()\nbb.BBHandledException\n')
48 05:05:26.301957 Command Completed (socket: True)
48 05:05:26.551823 Processing Client
48 05:05:26.552859 Disconnecting Client (socket: True)
48 05:05:26.553117 No timeout, exiting.
48 05:05:26.654620 Exiting (socket: True)
48 05:05:26.667293 Exiting as we could obtain the lock
sys:1: ResourceWarning: unclosed file <_io.TextIOWrapper name='/home/user/poky/build/bitbake-cookerdaemon.log' mode='a+' encoding='UTF-8'>
56 05:07:07.722132 --- Starting bitbake server pid 56 at 2026-01-12 05:07:07.722115 ---
56 05:07:07.724767 Started bitbake server pid 56
56 05:07:07.725570 Entering server connection loop
56 05:07:07.725734 Lockfile is: /home/user/poky/build/bitbake.lock
Socket is /home/user/poky/build/bitbake.sock (True)
56 05:07:07.726208 Accepting [<socket.socket fd=6, family=1, type=1, proto=0, laddr=bitbake.sock>] ([])
56 05:07:07.726238 Processing Client
56 05:07:07.726262 Connecting Client
56 05:07:07.726510 Running command ['setFeatures', [2, 1]]
56 05:07:07.726542 Sending reply (None, None)
56 05:07:07.726768 Command Completed (socket: True)
56 05:07:07.726881 Running command ['updateConfig', {'halt': True, 'force': False, 'invalidate_stamp': None, 'dry_run': False, 'dump_signatures': [], 'extra_assume_provided': [], 'profile': False, 'prefile': [], 'postfile': [], 'server_timeout': None, 'nosetscene': False, 'setsceneonly': False, 'skipsetscene': False, 'runall': [], 'runonly': None, 'writeeventlog': None, 'build_verbose_shell': False, 'build_verbose_stdout': False, 'default_loglevel': 20, 'debug_domains': {}}, {'BB_ENV_PASSTHROUGH_ADDITIONS': 'ALL_PROXY BBPATH_EXTRA BB_LOGCONFIG BB_NO_NETWORK BB_NUMBER_THREADS BB_SETSCENE_ENFORCE BB_SRCREV_POLICY DISTRO FTPS_PROXY FTP_PROXY GIT_PROXY_COMMAND HTTPS_PROXY HTTP_PROXY MACHINE NO_PROXY PARALLEL_MAKE SCREENDIR SDKMACHINE SOCKS5_PASSWD SOCKS5_USER SSH_AGENT_PID SSH_AUTH_SOCK STAMPS_DIR TCLIBC TCMODE all_proxy ftp_proxy ftps_proxy http_proxy https_proxy no_proxy ', 'PWD': '/home/user/poky/build', 'HOME': '/home/user', 'BBPATH': '/home/user/poky/build', 'PATH': '/home/user/poky/scripts:/home/user/poky/bitbake/bin:/usr/local/sbin:/usr/local/bin:/usr/sbin:/usr/bin:/sbin:/bin', 'LC_ALL': 'en_US.UTF-8', 'OE_ADDED_PATHS': '/home/user/poky/scripts:/home/user/poky/bitbake/bin:', 'HOSTNAME': 'fd7f830e2fc4', 'LS_COLORS': 'rs=0:di=01;34:ln=01;36:mh=00:pi=40;33:so=01;35:do=01;35:bd=40;33;01:cd=40;33;01:or=40;31;01:mi=00:su=37;41:sg=30;43:ca=00:tw=30;42:ow=34;42:st=37;44:ex=01;32:*.tar=01;31:*.tgz=01;31:*.arc=01;31:*.arj=01;31:*.taz=01;31:*.lha=01;31:*.lz4=01;31:*.lzh=01;31:*.lzma=01;31:*.tlz=01;31:*.txz=01;31:*.tzo=01;31:*.t7z=01;31:*.zip=01;31:*.z=01;31:*.dz=01;31:*.gz=01;31:*.lrz=01;31:*.lz=01;31:*.lzo=01;31:*.xz=01;31:*.zst=01;31:*.tzst=01;31:*.bz2=01;31:*.bz=01;31:*.tbz=01;31:*.tbz2=01;31:*.tz=01;31:*.deb=01;31:*.rpm=01;31:*.jar=01;31:*.war=01;31:*.ear=01;31:*.sar=01;31:*.rar=01;31:*.alz=01;31:*.ace=01;31:*.zoo=01;31:*.cpio=01;31:*.7z=01;31:*.rz=01;31:*.cab=01;31:*.wim=01;31:*.swm=01;31:*.dwm=01;31:*.esd=01;31:*.avif=01;35:*.jpg=01;35:*.jpeg=01;35:*.mjpg=01;35:*.mjpeg=01;35:*.gif=01;35:*.bmp=01;35:*.pbm=01;35:*.pgm=01;35:*.ppm=01;35:*.tga=01;35:*.xbm=01;35:*.xpm=01;35:*.tif=01;35:*.tiff=01;35:*.png=01;35:*.svg=01;35:*.svgz=01;35:*.mng=01;35:*.pcx=01;35:*.mov=01;35:*.mpg=01;35:*.mpeg=01;35:*.m2v=01;35:*.mkv=01;35:*.webm=01;35:*.webp=01;35:*.ogm=01;35:*.mp4=01;35:*.m4v=01;35:*.mp4v=01;35:*.vob=01;35:*.qt=01;35:*.nuv=01;35:*.wmv=01;35:*.asf=01;35:*.rm=01;35:*.rmvb=01;35:*.flc=01;35:*.avi=01;35:*.fli=01;35:*.flv=01;35:*.gl=01;35:*.dl=01;35:*.xcf=01;35:*.xwd=01;35:*.yuv=01;35:*.cgm=01;35:*.emf=01;35:*.ogv=01;35:*.ogx=01;35:*.aac=00;36:*.au=00;36:*.flac=00;36:*.m4a=00;36:*.mid=00;36:*.midi=00;36:*.mka=00;36:*.mp3=00;36:*.mpc=00;36:*.ogg=00;36:*.ra=00;36:*.wav=00;36:*.oga=00;36:*.opus=00;36:*.spx=00;36:*.xspf=00;36:*~=00;90:*#=00;90:*.bak=00;90:*.crdownload=00;90:*.dpkg-dist=00;90:*.dpkg-new=00;90:*.dpkg-old=00;90:*.dpkg-tmp=00;90:*.old=00;90:*.orig=00;90:*.part=00;90:*.rej=00;90:*.rpmnew=00;90:*.rpmorig=00;90:*.rpmsave=00;90:*.swp=00;90:*.tmp=00;90:*.ucf-dist=00;90:*.ucf-new=00;90:*.ucf-old=00;90:', 'LESSCLOSE': '/usr/bin/lesspipe %s %s', 'PYTHONPATH': '/home/user/poky/bitbake/lib:', 'TERM': 'xterm', 'LESSOPEN': '| /usr/bin/lesspipe %s', 'SHLVL': '1', 'BUILDDIR': '/home/user/poky/build', 'OLDPWD': '/home/user/poky', '_': '/home/user/poky/bitbake/bin/bitbake', 'LC_CTYPE': 'C.UTF-8'}, ['/home/user/poky/bitbake/bin/bitbake', 'gcc']]
56 05:07:07.980489 Sending reply (None, 'bb.BBHandledException()\nTraceback (most recent call last):\n  File "/home/user/poky/bitbake/lib/bb/cookerdata.py", line 162, in wrapped\n    return func(fn, *args)\n           ^^^^^^^^^^^^^^^\n  File "/home/user/poky/bitbake/lib/bb/cookerdata.py", line 179, in parse_config_file\n    return bb.parse.handle(fn, data, include, baseconfig=True)\n           ^^^^^^^^^^^^^^^^^^^^^^^^^^^^^^^^^^^^^^^^^^^^^^^^^^^\n  File "/home/user/poky/bitbake/lib/bb/parse/__init__.py", line 119, in handle\n    return h[\'handle\'](fn, data, include, baseconfig)\n           ^^^^^^^^^^^^^^^^^^^^^^^^^^^^^^^^^^^^^^^^^^\n  File "/home/user/poky/bitbake/lib/bb/parse/parse_py/ConfHandler.py", line 119, in handle\n    abs_fn = resolve_file(fn, data)\n             ^^^^^^^^^^^^^^^^^^^^^^\n  File "/home/user/poky/bitbake/lib/bb/parse/__init__.py", line 145, in resolve_file\n    raise IOError(errno.ENOENT, "file %s not found" % fn)\nFileNotFoundError: [Errno 2] file /home/user/poky/meta-openembeeded/conf/layer.conf not found\n\nDuring handling of the above exception, another exception occurred:\n\nTraceback (most recent call last):\n  File "/home/user/poky/bitbake/lib/bb/command.py", line 90, in runCommand\n    result = command_method(self, commandline)\n             ^^^^^^^^^^^^^^^^^^^^^^^^^^^^^^^^^\n  File "/home/user/poky/bitbake/lib/bb/command.py", line 290, in updateConfig\n    command.cooker.updateConfigOpts(options, environment, cmdline)\n  File "/home/user/poky/bitbake/lib/bb/cooker.py", line 463, in updateConfigOpts\n    self.reset()\n  File "/home/user/poky/bitbake/lib/bb/cooker.py", line 1736, in reset\n    self.initConfigurationData()\n  File "/home/user/poky/bitbake/lib/bb/cooker.py", line 283, in initConfigurationData\n    self.databuilder.parseBaseConfiguration()\n  File "/home/user/poky/bitbake/lib/bb/cookerdata.py", line 261, in parseBaseConfiguration\n    self.data = self.parseConfigurationFiles(self.prefiles, self.postfiles)\n                ^^^^^^^^^^^^^^^^^^^^^^^^^^^^^^^^^^^^^^^^^^^^^^^^^^^^^^^^^^^\n  File "/home/user/poky/bitbake/lib/bb/cookerdata.py", line 395, in parseConfigurationFiles\n    data = parse_config_file(os.path.join(layer, "conf", "layer.conf"), data)\n           ^^^^^^^^^^^^^^^^^^^^^^^^^^^^^^^^^^^^^^^^^^^^^^^^^^^^^^^^^^^^^^^^^^\n  File "/home/user/poky/bitbake/lib/bb/cookerdata.py", line 174, in wrapped\n    raise bb.BBHandledException()\nbb.BBHandledException\n')
56 05:07:07.980818 Command Completed (socket: True)
56 05:07:08.230144 Processing Client
56 05:07:08.231053 Disconnecting Client (socket: True)
56 05:07:08.231329 No timeout, exiting.
56 05:07:08.331929 Exiting (socket: True)
56 05:07:08.336287 Exiting as we could obtain the lock
sys:1: ResourceWarning: unclosed file <_io.TextIOWrapper name='/home/user/poky/build/bitbake-cookerdaemon.log' mode='a+' encoding='UTF-8'>
